{
  "RSpec": {
    "coverage": {
      "/Users/loicdewit/Desktop/bookmark_manager/spec/bookmark_spec.rb": [
        null,
        1,
        null,
        1,
        null,
        1,
        null,
        1,
        1,
        1,
        1,
        1,
        1,
        1,
        1,
        1,
        1,
        null,
        null,
        null
      ],
      "/Users/loicdewit/Desktop/bookmark_manager/spec/features/user_stories_spec.rb": [
        1,
        1,
        1,
        1,
        null,
        null,
        null,
        null,
        null,
        null,
        1,
        1,
        1,
        1,
        0,
        0,
        null,
        null
      ]
    },
    "timestamp": 1563289286
  }
}
